<?xml version="1.0" encoding="UTF-8"?>
<!-- Generated by org.testng.reporters.JUnitXMLReporter -->
<testsuite ignored="0" hostname="SR-Vishal" failures="0" tests="1" name="Default test(failed)" time="0.097" errors="0" timestamp="2023-03-24T03:51:15 IST">
  <testcase classname="com.noteb.generic.BaseClass" name="@BeforeClass openBrowser" time="-1.679610075761E9">
    <failure type="org.testng.TestNGException" message="
Parameter &amp;apos;browser&amp;apos; is required by BeforeClass on method openBrowser but has not been marked @Optional or defined
in C:\Users\Vishal Rajuvani\eclipse-workspace\Noteb\test-output\Default suite\testng-failed.xml">
      <![CDATA[org.testng.TestNGException: 
Parameter 'browser' is required by BeforeClass on method openBrowser but has not been marked @Optional or defined
in C:\Users\Vishal Rajuvani\eclipse-workspace\Noteb\test-output\Default suite\testng-failed.xml
at java.base/java.util.ArrayList.forEach(ArrayList.java:1511)
... Removed 22 stack frames]]>
    </failure>
  </testcase> <!-- @BeforeClass openBrowser -->
  <testcase classname="com.noteb.generic.BaseClass" name="@AfterClass closeBrowser" time="-1.679610075824E9">
    <skipped/>
  </testcase> <!-- @AfterClass closeBrowser -->
  <testcase classname="com.noteb.testscript.BudgetFilter" name="verifyBudgetFilter" time="0.0">
    <skipped/>
  </testcase> <!-- verifyBudgetFilter -->
</testsuite> <!-- Default test(failed) -->
